SonarCloud plugins:
  - IaC Code Quality and Security 1.20.0.5654 (iac)
  - PL/SQL Code Quality and Security 3.10.0.5282 (plsql)
  - Scala Code Quality and Security 1.14.0.4481 (sonarscala)
  - C# Code Quality and Security 9.10.0.77988 (csharp)
  - Vulnerability Analysis 10.2.0.22608 (security)
  - Java Code Quality and Security 7.24.0.32100 (java)
  - HTML Code Quality and Security 3.9.0.3600 (web)
  - Flex Code Quality and Security 2.10.0.3458 (flex)
  - XML Code Quality and Security 2.10.0.4108 (xml)
  - Text Code Quality and Security 2.3.0.1632 (text)
  - VB.NET Code Quality and Security 9.10.0.77988 (vbnet)
  - Swift Code Quality and Security 4.10.0.5999 (swift)
  - CFamily Code Quality and Security 6.48.1.62610 (cpp)
  - Python Code Quality and Security 4.7.0.12181 (python)
  - Dataflow Bug Detection Rules for Python 1.18.0.5108 (dbdpythonfrontend)
  - Dataflow Bug Detection 1.18.0.5108 (dbd)
  - Go Code Quality and Security 1.14.0.4481 (go)
  - JaCoCo 1.3.0.1538 (jacoco)
  - Dataflow Bug Detection Rules for Java 1.18.0.5108 (dbdjavafrontend)
  - T-SQL Code Quality and Security 1.10.0.5799 (tsql)
  - Apex Code Quality and Security 1.14.0.4481 (sonarapex)
  - JavaScript/TypeScript/CSS Code Quality and Security 10.6.0.22520 (javascript)
  - Ruby Code Quality and Security 1.14.0.4481 (ruby)
  - Vulnerability Rules for C# 10.2.0.22608 (securitycsharpfrontend)
  - Vulnerability Rules for Java 10.2.0.22608 (securityjavafrontend)
  - License for SonarLint 8.0.0.46586 (license)
  - Vulnerability Rules for JS 10.2.0.22608 (securityjsfrontend)
  - COBOL Code Quality 5.5.0.6450 (cobol)
  - Vulnerability Rules for Python 10.2.0.22608 (securitypythonfrontend)
  - PHP Code Quality and Security 3.32.0.10180 (php)
  - ABAP Code Quality and Security 3.13.0.4389 (abap)
  - Configuration detection for Code Quality and Security 1.3.0.654 (config)
  - Vulnerability Rules for PHP 10.2.0.22608 (securityphpfrontend)
Project server settings:
  - sonar.abap.file.suffixes=.abap,.ab4,.flow,.asprog
  - sonar.apex.file.suffixes=.cls,.trigger
  - sonar.c.file.suffixes=.c,.h
  - sonar.cpp.file.suffixes=.cc,.cpp,.cxx,.c++,.hh,.hpp,.hxx,.h++,.ipp
  - sonar.cs.file.suffixes=.cs,.razor
  - sonar.css.file.suffixes=.css,.less,.scss
  - sonar.flex.file.suffixes=as
  - sonar.go.file.suffixes=.go
  - sonar.html.file.suffixes=.html,.xhtml,.cshtml,.vbhtml,.aspx,.ascx,.rhtml,.erb,.shtm,.shtml,.cmp,.twig
  - sonar.java.file.suffixes=.java,.jav
  - sonar.javascript.file.suffixes=.js,.jsx,.cjs,.mjs,.vue
  - sonar.json.file.suffixes=.json
  - sonar.jsp.file.suffixes=.jsp,.jspf,.jspx
  - sonar.kotlin.file.suffixes=.kt,.kts
  - sonar.objc.file.suffixes=.m
  - sonar.php.file.suffixes=php,php3,php4,php5,phtml,inc
  - sonar.plsql.file.suffixes=sql,tab,pkb
  - sonar.python.file.suffixes=py
  - sonar.ruby.file.suffixes=.rb
  - sonar.scala.file.suffixes=.scala
  - sonar.swift.file.suffixes=.swift
  - sonar.terraform.file.suffixes=.tf
  - sonar.tsql.file.suffixes=.tsql
  - sonar.typescript.file.suffixes=.ts,.tsx,.cts,.mts
  - sonar.vbnet.file.suffixes=.vb
  - sonar.xml.file.suffixes=.xml,.xsd,.xsl,.config
  - sonar.yaml.file.suffixes=.yaml,.yml
Project scanner properties:
  - sonar.host.url=https://sonarcloud.io
  - sonar.login=******
  - sonar.organization=martinlopezdeipina
  - sonar.projectBaseDir=/home/martin/Escritorio/uni/uniytal/isoft/Monopoly3
  - sonar.projectKey=martinlopezdeipina_monopoly
  - sonar.projectName=Monopoly
  - sonar.projectVersion=1.0
  - sonar.scanner.app=ScannerCLI
  - sonar.scanner.appVersion=4.7.0.2747
  - sonar.sourceEncoding=UTF-8
  - sonar.sources=.
  - sonar.verbose=true
  - sonar.working.directory=/home/martin/Escritorio/uni/uniytal/isoft/Monopoly3/.scannerwork
